<?xml version="1.0" encoding="UTF-8"?>
<!-- Generated by org.testng.reporters.JUnitXMLReporter -->
<testsuite ignored="5" hostname="Ankush" failures="0" tests="4" name="Test" time="0.04" errors="0" timestamp="2023-03-26T01:18:02 IST">
  <testcase classname="test.Example1" name="TestCase1" time="0.006"/>
  <testcase classname="test.Example2" name="MobileLogin" time="0.001"/>
  <testcase classname="test.Example2" name="MobileLogout" time="0.001"/>
  <testcase classname="test.Example2" name="MobileSignin" time="0.0"/>
  <testcase classname="test.Example2" name="TestCase6" time="0.0">
    <ignored/>
  </testcase> <!-- TestCase6 -->
  <testcase classname="test.Example1" name="TestCase2" time="0.0">
    <ignored/>
  </testcase> <!-- TestCase2 -->
  <testcase classname="test.Example2" name="TestCase5" time="0.0">
    <ignored/>
  </testcase> <!-- TestCase5 -->
  <testcase classname="test.Example2" name="TestCase4" time="0.0">
    <ignored/>
  </testcase> <!-- TestCase4 -->
  <testcase classname="test.Example2" name="TestCase3" time="0.0">
    <ignored/>
  </testcase> <!-- TestCase3 -->
</testsuite> <!-- Test -->
