<?xml version="1.0" encoding="UTF-8"?>
<!-- Generated by org.testng.reporters.JUnitXMLReporter -->
<testsuite ignored="0" hostname="Ankush" failures="0" tests="4" name="TestDemo2" time="0.005" errors="0" timestamp="2023-03-26T02:10:52 IST">
  <testcase classname="test.Example3" name="FacebookLogin" time="0.0"/>
  <testcase classname="test.Example3" name="FacebookLogout" time="0.0"/>
  <testcase classname="test.Example3" name="FacebookRegistration" time="0.0"/>
  <testcase classname="test.Example3" name="Facebooksignin" time="0.001"/>
</testsuite> <!-- TestDemo2 -->
