<?xml version="1.0" encoding="UTF-8"?>
<!-- Generated by org.testng.reporters.JUnitXMLReporter -->
<testsuite ignored="0" hostname="Ankush" failures="0" tests="7" name="TestDemo1" time="0.046" errors="0" timestamp="2023-03-26T02:10:52 IST">
  <testcase classname="test.Example1" name="TestCase1" time="0.005"/>
  <testcase classname="test.Example1" name="TestCase2" time="0.001"/>
  <testcase classname="test.Example2" name="MobileLogin" time="0.001"/>
  <testcase classname="test.Example2" name="TestCase3" time="0.0"/>
  <testcase classname="test.Example2" name="TestCase4" time="0.001"/>
  <testcase classname="test.Example2" name="TestCase5" time="0.001"/>
  <testcase classname="test.Example2" name="TestCase6" time="0.001"/>
</testsuite> <!-- TestDemo1 -->
