<?xml version="1.0" encoding="UTF-8"?>
<!-- Generated by org.testng.reporters.JUnitXMLReporter -->
<testsuite ignored="0" hostname="Ankush" failures="0" tests="4" name="Default test" time="0.042" errors="0" timestamp="2023-03-26T01:33:33 IST">
  <testcase classname="test.Example3" name="FacebookLogin" time="0.005"/>
  <testcase classname="test.Example3" name="FacebookLogout" time="0.001"/>
  <testcase classname="test.Example3" name="FacebookRegistration" time="0.0"/>
  <testcase classname="test.Example3" name="Facebooksignin" time="0.001"/>
</testsuite> <!-- Default test -->
